#! /usr/bin/vvp
:ivl_version "12.0 (stable)";
:ivl_delay_selection "TYPICAL";
:vpi_time_precision + 0;
:vpi_module "/usr/lib/x86_64-linux-gnu/ivl/system.vpi";
:vpi_module "/usr/lib/x86_64-linux-gnu/ivl/vhdl_sys.vpi";
:vpi_module "/usr/lib/x86_64-linux-gnu/ivl/vhdl_textio.vpi";
:vpi_module "/usr/lib/x86_64-linux-gnu/ivl/v2005_math.vpi";
:vpi_module "/usr/lib/x86_64-linux-gnu/ivl/va_math.vpi";
S_0x608d5ecfc8b0 .scope module, "ul4" "ul4" 2 2;
 .timescale 0 0;
    .port_info 0 /OUTPUT 4 "Out";
    .port_info 1 /INPUT 4 "A";
    .port_info 2 /INPUT 4 "B";
    .port_info 3 /INPUT 2 "S";
o0x7cfbd4ba0d08 .functor BUFZ 4, C4<zzzz>; HiZ drive
v0x608d5ed2d580_0 .net "A", 3 0, o0x7cfbd4ba0d08;  0 drivers
o0x7cfbd4ba0d38 .functor BUFZ 4, C4<zzzz>; HiZ drive
v0x608d5ed2d660_0 .net "B", 3 0, o0x7cfbd4ba0d38;  0 drivers
v0x608d5ed2d740_0 .net "Out", 3 0, L_0x608d5ed2f060;  1 drivers
o0x7cfbd4ba0018 .functor BUFZ 2, C4<zz>; HiZ drive
v0x608d5ed2d800_0 .net "S", 1 0, o0x7cfbd4ba0018;  0 drivers
L_0x608d5ed2deb0 .part o0x7cfbd4ba0d08, 0, 1;
L_0x608d5ed2df50 .part o0x7cfbd4ba0d38, 0, 1;
L_0x608d5ed2e460 .part o0x7cfbd4ba0d08, 1, 1;
L_0x608d5ed2e500 .part o0x7cfbd4ba0d38, 1, 1;
L_0x608d5ed2ea80 .part o0x7cfbd4ba0d08, 2, 1;
L_0x608d5ed2eb20 .part o0x7cfbd4ba0d38, 2, 1;
L_0x608d5ed2f060 .concat8 [ 1 1 1 1], v0x608d5ed29950_0, v0x608d5ed2a9e0_0, v0x608d5ed2bb20_0, v0x608d5ed2cd20_0;
L_0x608d5ed2f1f0 .part o0x7cfbd4ba0d08, 3, 1;
L_0x608d5ed2f370 .part o0x7cfbd4ba0d38, 3, 1;
S_0x608d5ed0abf0 .scope module, "cl1" "cl" 2 4, 3 1 0, S_0x608d5ecfc8b0;
 .timescale 0 0;
    .port_info 0 /OUTPUT 1 "out";
    .port_info 1 /INPUT 1 "a";
    .port_info 2 /INPUT 1 "b";
    .port_info 3 /INPUT 2 "S";
L_0x608d5ed2da80 .functor AND 1, L_0x608d5ed2deb0, L_0x608d5ed2df50, C4<1>, C4<1>;
L_0x608d5ed2db60 .functor OR 1, L_0x608d5ed2deb0, L_0x608d5ed2df50, C4<0>, C4<0>;
L_0x608d5ed2dcc0 .functor XOR 1, L_0x608d5ed2deb0, L_0x608d5ed2df50, C4<0>, C4<0>;
L_0x608d5ed2dda0 .functor NOT 1, L_0x608d5ed2deb0, C4<0>, C4<0>, C4<0>;
v0x608d5ed29ad0_0 .net "S", 1 0, o0x7cfbd4ba0018;  alias, 0 drivers
v0x608d5ed29bb0_0 .net "a", 0 0, L_0x608d5ed2deb0;  1 drivers
v0x608d5ed29c50_0 .net "b", 0 0, L_0x608d5ed2df50;  1 drivers
v0x608d5ed29cf0_0 .net "out", 0 0, v0x608d5ed29950_0;  1 drivers
v0x608d5ed29d90_0 .net "sA", 0 0, L_0x608d5ed2da80;  1 drivers
v0x608d5ed29e80_0 .net "sN", 0 0, L_0x608d5ed2dda0;  1 drivers
v0x608d5ed29f20_0 .net "sO", 0 0, L_0x608d5ed2db60;  1 drivers
v0x608d5ed29fc0_0 .net "sX", 0 0, L_0x608d5ed2dcc0;  1 drivers
S_0x608d5ed0ae40 .scope module, "mux1" "mux4_1" 3 10, 4 2 0, S_0x608d5ed0abf0;
 .timescale 0 0;
    .port_info 0 /OUTPUT 1 "out";
    .port_info 1 /INPUT 1 "a";
    .port_info 2 /INPUT 1 "b";
    .port_info 3 /INPUT 1 "c";
    .port_info 4 /INPUT 1 "d";
    .port_info 5 /INPUT 2 "S";
v0x608d5ecfc160_0 .net "S", 1 0, o0x7cfbd4ba0018;  alias, 0 drivers
v0x608d5ed29620_0 .net "a", 0 0, L_0x608d5ed2da80;  alias, 1 drivers
v0x608d5ed296e0_0 .net "b", 0 0, L_0x608d5ed2db60;  alias, 1 drivers
v0x608d5ed29780_0 .net "c", 0 0, L_0x608d5ed2dcc0;  alias, 1 drivers
v0x608d5ed29840_0 .net "d", 0 0, L_0x608d5ed2dda0;  alias, 1 drivers
v0x608d5ed29950_0 .var "out", 0 0;
E_0x608d5ed09620/0 .event anyedge, v0x608d5ecfc160_0, v0x608d5ed29840_0, v0x608d5ed29780_0, v0x608d5ed296e0_0;
E_0x608d5ed09620/1 .event anyedge, v0x608d5ed29620_0;
E_0x608d5ed09620 .event/or E_0x608d5ed09620/0, E_0x608d5ed09620/1;
S_0x608d5ed2a060 .scope module, "cl2" "cl" 2 5, 3 1 0, S_0x608d5ecfc8b0;
 .timescale 0 0;
    .port_info 0 /OUTPUT 1 "out";
    .port_info 1 /INPUT 1 "a";
    .port_info 2 /INPUT 1 "b";
    .port_info 3 /INPUT 2 "S";
L_0x608d5ed2e080 .functor AND 1, L_0x608d5ed2e460, L_0x608d5ed2e500, C4<1>, C4<1>;
L_0x608d5ed2e0f0 .functor OR 1, L_0x608d5ed2e460, L_0x608d5ed2e500, C4<0>, C4<0>;
L_0x608d5ed2e200 .functor XOR 1, L_0x608d5ed2e460, L_0x608d5ed2e500, C4<0>, C4<0>;
L_0x608d5ed2e2c0 .functor NOT 1, L_0x608d5ed2e460, C4<0>, C4<0>, C4<0>;
v0x608d5ed2ab60_0 .net "S", 1 0, o0x7cfbd4ba0018;  alias, 0 drivers
v0x608d5ed2ac40_0 .net "a", 0 0, L_0x608d5ed2e460;  1 drivers
v0x608d5ed2ad00_0 .net "b", 0 0, L_0x608d5ed2e500;  1 drivers
v0x608d5ed2ada0_0 .net "out", 0 0, v0x608d5ed2a9e0_0;  1 drivers
v0x608d5ed2ae70_0 .net "sA", 0 0, L_0x608d5ed2e080;  1 drivers
v0x608d5ed2af60_0 .net "sN", 0 0, L_0x608d5ed2e2c0;  1 drivers
v0x608d5ed2b030_0 .net "sO", 0 0, L_0x608d5ed2e0f0;  1 drivers
v0x608d5ed2b100_0 .net "sX", 0 0, L_0x608d5ed2e200;  1 drivers
S_0x608d5ed2a2b0 .scope module, "mux1" "mux4_1" 3 10, 4 2 0, S_0x608d5ed2a060;
 .timescale 0 0;
    .port_info 0 /OUTPUT 1 "out";
    .port_info 1 /INPUT 1 "a";
    .port_info 2 /INPUT 1 "b";
    .port_info 3 /INPUT 1 "c";
    .port_info 4 /INPUT 1 "d";
    .port_info 5 /INPUT 2 "S";
v0x608d5ed2a580_0 .net "S", 1 0, o0x7cfbd4ba0018;  alias, 0 drivers
v0x608d5ed2a6b0_0 .net "a", 0 0, L_0x608d5ed2e080;  alias, 1 drivers
v0x608d5ed2a770_0 .net "b", 0 0, L_0x608d5ed2e0f0;  alias, 1 drivers
v0x608d5ed2a810_0 .net "c", 0 0, L_0x608d5ed2e200;  alias, 1 drivers
v0x608d5ed2a8d0_0 .net "d", 0 0, L_0x608d5ed2e2c0;  alias, 1 drivers
v0x608d5ed2a9e0_0 .var "out", 0 0;
E_0x608d5ecf1210/0 .event anyedge, v0x608d5ecfc160_0, v0x608d5ed2a8d0_0, v0x608d5ed2a810_0, v0x608d5ed2a770_0;
E_0x608d5ecf1210/1 .event anyedge, v0x608d5ed2a6b0_0;
E_0x608d5ecf1210 .event/or E_0x608d5ecf1210/0, E_0x608d5ecf1210/1;
S_0x608d5ed2b200 .scope module, "cl3" "cl" 2 6, 3 1 0, S_0x608d5ecfc8b0;
 .timescale 0 0;
    .port_info 0 /OUTPUT 1 "out";
    .port_info 1 /INPUT 1 "a";
    .port_info 2 /INPUT 1 "b";
    .port_info 3 /INPUT 2 "S";
L_0x608d5ed2e630 .functor AND 1, L_0x608d5ed2ea80, L_0x608d5ed2eb20, C4<1>, C4<1>;
L_0x608d5ed2e6f0 .functor OR 1, L_0x608d5ed2ea80, L_0x608d5ed2eb20, C4<0>, C4<0>;
L_0x608d5ed2e850 .functor XOR 1, L_0x608d5ed2ea80, L_0x608d5ed2eb20, C4<0>, C4<0>;
L_0x608d5ed2e910 .functor NOT 1, L_0x608d5ed2ea80, C4<0>, C4<0>, C4<0>;
v0x608d5ed2bce0_0 .net "S", 1 0, o0x7cfbd4ba0018;  alias, 0 drivers
v0x608d5ed2bdc0_0 .net "a", 0 0, L_0x608d5ed2ea80;  1 drivers
v0x608d5ed2be80_0 .net "b", 0 0, L_0x608d5ed2eb20;  1 drivers
v0x608d5ed2bf20_0 .net "out", 0 0, v0x608d5ed2bb20_0;  1 drivers
v0x608d5ed2bff0_0 .net "sA", 0 0, L_0x608d5ed2e630;  1 drivers
v0x608d5ed2c0e0_0 .net "sN", 0 0, L_0x608d5ed2e910;  1 drivers
v0x608d5ed2c1b0_0 .net "sO", 0 0, L_0x608d5ed2e6f0;  1 drivers
v0x608d5ed2c280_0 .net "sX", 0 0, L_0x608d5ed2e850;  1 drivers
S_0x608d5ed2b480 .scope module, "mux1" "mux4_1" 3 10, 4 2 0, S_0x608d5ed2b200;
 .timescale 0 0;
    .port_info 0 /OUTPUT 1 "out";
    .port_info 1 /INPUT 1 "a";
    .port_info 2 /INPUT 1 "b";
    .port_info 3 /INPUT 1 "c";
    .port_info 4 /INPUT 1 "d";
    .port_info 5 /INPUT 2 "S";
v0x608d5ed2b730_0 .net "S", 1 0, o0x7cfbd4ba0018;  alias, 0 drivers
v0x608d5ed2b810_0 .net "a", 0 0, L_0x608d5ed2e630;  alias, 1 drivers
v0x608d5ed2b8d0_0 .net "b", 0 0, L_0x608d5ed2e6f0;  alias, 1 drivers
v0x608d5ed2b9a0_0 .net "c", 0 0, L_0x608d5ed2e850;  alias, 1 drivers
v0x608d5ed2ba60_0 .net "d", 0 0, L_0x608d5ed2e910;  alias, 1 drivers
v0x608d5ed2bb20_0 .var "out", 0 0;
E_0x608d5ed02780/0 .event anyedge, v0x608d5ecfc160_0, v0x608d5ed2ba60_0, v0x608d5ed2b9a0_0, v0x608d5ed2b8d0_0;
E_0x608d5ed02780/1 .event anyedge, v0x608d5ed2b810_0;
E_0x608d5ed02780 .event/or E_0x608d5ed02780/0, E_0x608d5ed02780/1;
S_0x608d5ed2c380 .scope module, "cl4" "cl" 2 7, 3 1 0, S_0x608d5ecfc8b0;
 .timescale 0 0;
    .port_info 0 /OUTPUT 1 "out";
    .port_info 1 /INPUT 1 "a";
    .port_info 2 /INPUT 1 "b";
    .port_info 3 /INPUT 2 "S";
L_0x608d5ed2ec90 .functor AND 1, L_0x608d5ed2f1f0, L_0x608d5ed2f370, C4<1>, C4<1>;
L_0x608d5ed2ed00 .functor OR 1, L_0x608d5ed2f1f0, L_0x608d5ed2f370, C4<0>, C4<0>;
L_0x608d5ed2ee10 .functor XOR 1, L_0x608d5ed2f1f0, L_0x608d5ed2f370, C4<0>, C4<0>;
L_0x608d5ed2eef0 .functor NOT 1, L_0x608d5ed2f1f0, C4<0>, C4<0>, C4<0>;
v0x608d5ed2cee0_0 .net "S", 1 0, o0x7cfbd4ba0018;  alias, 0 drivers
v0x608d5ed2cfc0_0 .net "a", 0 0, L_0x608d5ed2f1f0;  1 drivers
v0x608d5ed2d080_0 .net "b", 0 0, L_0x608d5ed2f370;  1 drivers
v0x608d5ed2d120_0 .net "out", 0 0, v0x608d5ed2cd20_0;  1 drivers
v0x608d5ed2d1f0_0 .net "sA", 0 0, L_0x608d5ed2ec90;  1 drivers
v0x608d5ed2d2e0_0 .net "sN", 0 0, L_0x608d5ed2eef0;  1 drivers
v0x608d5ed2d3b0_0 .net "sO", 0 0, L_0x608d5ed2ed00;  1 drivers
v0x608d5ed2d480_0 .net "sX", 0 0, L_0x608d5ed2ee10;  1 drivers
S_0x608d5ed2c5d0 .scope module, "mux1" "mux4_1" 3 10, 4 2 0, S_0x608d5ed2c380;
 .timescale 0 0;
    .port_info 0 /OUTPUT 1 "out";
    .port_info 1 /INPUT 1 "a";
    .port_info 2 /INPUT 1 "b";
    .port_info 3 /INPUT 1 "c";
    .port_info 4 /INPUT 1 "d";
    .port_info 5 /INPUT 2 "S";
v0x608d5ed2c8e0_0 .net "S", 1 0, o0x7cfbd4ba0018;  alias, 0 drivers
v0x608d5ed2c9c0_0 .net "a", 0 0, L_0x608d5ed2ec90;  alias, 1 drivers
v0x608d5ed2ca80_0 .net "b", 0 0, L_0x608d5ed2ed00;  alias, 1 drivers
v0x608d5ed2cb50_0 .net "c", 0 0, L_0x608d5ed2ee10;  alias, 1 drivers
v0x608d5ed2cc10_0 .net "d", 0 0, L_0x608d5ed2eef0;  alias, 1 drivers
v0x608d5ed2cd20_0 .var "out", 0 0;
E_0x608d5ed2c850/0 .event anyedge, v0x608d5ecfc160_0, v0x608d5ed2cc10_0, v0x608d5ed2cb50_0, v0x608d5ed2ca80_0;
E_0x608d5ed2c850/1 .event anyedge, v0x608d5ed2c9c0_0;
E_0x608d5ed2c850 .event/or E_0x608d5ed2c850/0, E_0x608d5ed2c850/1;
    .scope S_0x608d5ed0ae40;
T_0 ;
    %wait E_0x608d5ed09620;
    %load/vec4 v0x608d5ecfc160_0;
    %dup/vec4;
    %pushi/vec4 0, 0, 2;
    %cmp/u;
    %jmp/1 T_0.0, 6;
    %dup/vec4;
    %pushi/vec4 1, 0, 2;
    %cmp/u;
    %jmp/1 T_0.1, 6;
    %dup/vec4;
    %pushi/vec4 2, 0, 2;
    %cmp/u;
    %jmp/1 T_0.2, 6;
    %dup/vec4;
    %pushi/vec4 3, 0, 2;
    %cmp/u;
    %jmp/1 T_0.3, 6;
    %pushi/vec4 1, 1, 1;
    %store/vec4 v0x608d5ed29950_0, 0, 1;
    %jmp T_0.5;
T_0.0 ;
    %load/vec4 v0x608d5ed29620_0;
    %store/vec4 v0x608d5ed29950_0, 0, 1;
    %jmp T_0.5;
T_0.1 ;
    %load/vec4 v0x608d5ed296e0_0;
    %store/vec4 v0x608d5ed29950_0, 0, 1;
    %jmp T_0.5;
T_0.2 ;
    %load/vec4 v0x608d5ed29780_0;
    %store/vec4 v0x608d5ed29950_0, 0, 1;
    %jmp T_0.5;
T_0.3 ;
    %load/vec4 v0x608d5ed29840_0;
    %store/vec4 v0x608d5ed29950_0, 0, 1;
    %jmp T_0.5;
T_0.5 ;
    %pop/vec4 1;
    %jmp T_0;
    .thread T_0, $push;
    .scope S_0x608d5ed2a2b0;
T_1 ;
    %wait E_0x608d5ecf1210;
    %load/vec4 v0x608d5ed2a580_0;
    %dup/vec4;
    %pushi/vec4 0, 0, 2;
    %cmp/u;
    %jmp/1 T_1.0, 6;
    %dup/vec4;
    %pushi/vec4 1, 0, 2;
    %cmp/u;
    %jmp/1 T_1.1, 6;
    %dup/vec4;
    %pushi/vec4 2, 0, 2;
    %cmp/u;
    %jmp/1 T_1.2, 6;
    %dup/vec4;
    %pushi/vec4 3, 0, 2;
    %cmp/u;
    %jmp/1 T_1.3, 6;
    %pushi/vec4 1, 1, 1;
    %store/vec4 v0x608d5ed2a9e0_0, 0, 1;
    %jmp T_1.5;
T_1.0 ;
    %load/vec4 v0x608d5ed2a6b0_0;
    %store/vec4 v0x608d5ed2a9e0_0, 0, 1;
    %jmp T_1.5;
T_1.1 ;
    %load/vec4 v0x608d5ed2a770_0;
    %store/vec4 v0x608d5ed2a9e0_0, 0, 1;
    %jmp T_1.5;
T_1.2 ;
    %load/vec4 v0x608d5ed2a810_0;
    %store/vec4 v0x608d5ed2a9e0_0, 0, 1;
    %jmp T_1.5;
T_1.3 ;
    %load/vec4 v0x608d5ed2a8d0_0;
    %store/vec4 v0x608d5ed2a9e0_0, 0, 1;
    %jmp T_1.5;
T_1.5 ;
    %pop/vec4 1;
    %jmp T_1;
    .thread T_1, $push;
    .scope S_0x608d5ed2b480;
T_2 ;
    %wait E_0x608d5ed02780;
    %load/vec4 v0x608d5ed2b730_0;
    %dup/vec4;
    %pushi/vec4 0, 0, 2;
    %cmp/u;
    %jmp/1 T_2.0, 6;
    %dup/vec4;
    %pushi/vec4 1, 0, 2;
    %cmp/u;
    %jmp/1 T_2.1, 6;
    %dup/vec4;
    %pushi/vec4 2, 0, 2;
    %cmp/u;
    %jmp/1 T_2.2, 6;
    %dup/vec4;
    %pushi/vec4 3, 0, 2;
    %cmp/u;
    %jmp/1 T_2.3, 6;
    %pushi/vec4 1, 1, 1;
    %store/vec4 v0x608d5ed2bb20_0, 0, 1;
    %jmp T_2.5;
T_2.0 ;
    %load/vec4 v0x608d5ed2b810_0;
    %store/vec4 v0x608d5ed2bb20_0, 0, 1;
    %jmp T_2.5;
T_2.1 ;
    %load/vec4 v0x608d5ed2b8d0_0;
    %store/vec4 v0x608d5ed2bb20_0, 0, 1;
    %jmp T_2.5;
T_2.2 ;
    %load/vec4 v0x608d5ed2b9a0_0;
    %store/vec4 v0x608d5ed2bb20_0, 0, 1;
    %jmp T_2.5;
T_2.3 ;
    %load/vec4 v0x608d5ed2ba60_0;
    %store/vec4 v0x608d5ed2bb20_0, 0, 1;
    %jmp T_2.5;
T_2.5 ;
    %pop/vec4 1;
    %jmp T_2;
    .thread T_2, $push;
    .scope S_0x608d5ed2c5d0;
T_3 ;
    %wait E_0x608d5ed2c850;
    %load/vec4 v0x608d5ed2c8e0_0;
    %dup/vec4;
    %pushi/vec4 0, 0, 2;
    %cmp/u;
    %jmp/1 T_3.0, 6;
    %dup/vec4;
    %pushi/vec4 1, 0, 2;
    %cmp/u;
    %jmp/1 T_3.1, 6;
    %dup/vec4;
    %pushi/vec4 2, 0, 2;
    %cmp/u;
    %jmp/1 T_3.2, 6;
    %dup/vec4;
    %pushi/vec4 3, 0, 2;
    %cmp/u;
    %jmp/1 T_3.3, 6;
    %pushi/vec4 1, 1, 1;
    %store/vec4 v0x608d5ed2cd20_0, 0, 1;
    %jmp T_3.5;
T_3.0 ;
    %load/vec4 v0x608d5ed2c9c0_0;
    %store/vec4 v0x608d5ed2cd20_0, 0, 1;
    %jmp T_3.5;
T_3.1 ;
    %load/vec4 v0x608d5ed2ca80_0;
    %store/vec4 v0x608d5ed2cd20_0, 0, 1;
    %jmp T_3.5;
T_3.2 ;
    %load/vec4 v0x608d5ed2cb50_0;
    %store/vec4 v0x608d5ed2cd20_0, 0, 1;
    %jmp T_3.5;
T_3.3 ;
    %load/vec4 v0x608d5ed2cc10_0;
    %store/vec4 v0x608d5ed2cd20_0, 0, 1;
    %jmp T_3.5;
T_3.5 ;
    %pop/vec4 1;
    %jmp T_3;
    .thread T_3, $push;
# The file index is used to find the file name in the following table.
:file_names 5;
    "N/A";
    "<interactive>";
    "ul4.v";
    "cl.v";
    "mux4_1.v";
